<?xml version="1.0" encoding="UTF-8"?>
<testsuite xmlns:xsi="http://www.w3.org/2001/XMLSchema-instance" xsi:noNamespaceSchemaLocation="https://maven.apache.org/surefire/maven-surefire-plugin/xsd/surefire-test-report.xsd" name="TestSuite" time="40.17" tests="6" errors="0" skipped="0" failures="5">
  <properties>
[...]
</properties>
  <testcase name="runScenario" classname="runner.TestRunner" time="0.135">
    <failure message="Duplicate step definitions in steps.UserLogin.the_user_in_home_page() and steps.UserRegisterion.the_user_in_home_page()" type="io.cucumber.core.runner.DuplicateStepDefinitionException">io.cucumber.core.runner.DuplicateStepDefinitionException: Duplicate step definitions in steps.UserLogin.the_user_in_home_page() and steps.UserRegisterion.the_user_in_home_page()
</failure>
    <system-err><![CDATA[1586015766942	mozrunner::runner	INFO	Running command: "C:\\Program Files\\Mozilla Firefox\\firefox.exe" "-marionette" "-foreground" "-no-remote" "-profile" "C:\\Users\\maria\\AppData\\Local\\Temp\\rust_mozprofile2utkRN"
1586015767325	addons.webextension.doh-rollout@mozilla.org	WARN	Loading extension 'doh-rollout@mozilla.org': Reading manifest: Invalid extension permission: networkStatus
1586015767675	addons.webextension.screenshots@mozilla.org	WARN	Loading extension 'screenshots@mozilla.org': Reading manifest: Invalid extension permission: mozillaAddons
1586015767675	addons.webextension.screenshots@mozilla.org	WARN	Loading extension 'screenshots@mozilla.org': Reading manifest: Invalid extension permission: telemetry
1586015767675	addons.webextension.screenshots@mozilla.org	WARN	Loading extension 'screenshots@mozilla.org': Reading manifest: Invalid extension permission: resource://pdf.js/
1586015767675	addons.webextension.screenshots@mozilla.org	WARN	Loading extension 'screenshots@mozilla.org': Reading manifest: Invalid extension permission: about:reader*
JavaScript error: resource://gre/modules/XULStore.jsm, line 66: Error: Can't find profile directory.
1586015769876	Marionette	INFO	Listening on port 59387
1586015770066	Marionette	WARN	TLS certificate errors will be ignored for this session
Apr 04, 2020 5:56:10 PM org.openqa.selenium.remote.ProtocolHandshake createSession
INFO: Detected dialect: W3C
Apr 04, 2020 5:56:14 PM io.cucumber.testng.TestNGCucumberRunner <init>
WARNING: By default Cucumber is running in --non-strict mode.
This default will change to --strict and --non-strict will be removed.
You can use --strict or @CucumberOptions(strict = true) to suppress this warning
]]></system-err>
  </testcase>
  <testcase name="runScenario" classname="runner.TestRunner" time="0.137">
    <failure message="Duplicate step definitions in steps.UserLogin.the_user_in_home_page() and steps.UserRegisterion.the_user_in_home_page()" type="io.cucumber.core.runner.DuplicateStepDefinitionException">io.cucumber.core.runner.DuplicateStepDefinitionException: Duplicate step definitions in steps.UserLogin.the_user_in_home_page() and steps.UserRegisterion.the_user_in_home_page()
</failure>
  </testcase>
  <testcase name="runScenario" classname="runner.TestRunner" time="0.137">
    <failure message="Duplicate step definitions in steps.UserLogin.the_user_in_home_page() and steps.UserRegisterion.the_user_in_home_page()" type="io.cucumber.core.runner.DuplicateStepDefinitionException">io.cucumber.core.runner.DuplicateStepDefinitionException: Duplicate step definitions in steps.UserLogin.the_user_in_home_page() and steps.UserRegisterion.the_user_in_home_page()
</failure>
  </testcase>
  <testcase name="UserCanContactUs" classname="tests.ContactUsTestCase" time="0.001">
    <failure type="java.lang.NullPointerException">java.lang.NullPointerException
	at tests.ContactUsTestCase.UserCanContactUs(ContactUsTestCase.java:24)
</failure>
    <system-out><![CDATA[
0 Scenarios
0 Steps
0m3.149s


]]></system-out>
    <system-err><![CDATA[Apr 04, 2020 5:56:18 PM io.cucumber.testng.TestNGCucumberRunner <init>
WARNING: By default Cucumber is running in --non-strict mode.
This default will change to --strict and --non-strict will be removed.
You can use --strict or @CucumberOptions(strict = true) to suppress this warning
Apr 04, 2020 5:56:18 PM io.cucumber.core.runtime.FeaturePathFeatureSupplier get
WARNING: No features found at classpath:/tests
]]></system-err>
  </testcase>
  <testcase name="UserCanloginSuccessfully" classname="tests.UserLoginTestCase" time="6.005"/>
  <testcase name="UserCanRegisterSuccessfully" classname="tests.UserRegisterationTestCase" time="7.787">
    <failure message="Unable to locate element: .result&#10;For documentation on this error, please visit: https://www.seleniumhq.org/exceptions/no_such_element.html&#10;Build info: version: &apos;3.141.59&apos;, revision: &apos;e82be7d358&apos;, time: &apos;2018-11-14T08:17:03&apos;&#10;System info: host: &apos;LAPTOP-H8IENLFH&apos;, ip: &apos;192.168.1.4&apos;, os.name: &apos;Windows 10&apos;, os.arch: &apos;amd64&apos;, os.version: &apos;10.0&apos;, java.version: &apos;1.8.0_241&apos;&#10;Driver info: org.openqa.selenium.firefox.FirefoxDriver&#10;Capabilities {acceptInsecureCerts: true, browserName: firefox, browserVersion: 74.0.1, javascriptEnabled: true, moz:accessibilityChecks: false, moz:buildID: 20200403064753, moz:geckodriverVersion: 0.26.0, moz:headless: false, moz:processID: 34720, moz:profile: C:\Users\maria\AppData\Loca..., moz:shutdownTimeout: 60000, moz:useNonSpecCompliantPointerOrigin: false, moz:webdriverClick: true, pageLoadStrategy: normal, platform: WINDOWS, platformName: WINDOWS, platformVersion: 10.0, rotatable: false, setWindowRect: true, strictFileInteractability: false, timeouts: {implicit: 0, pageLoad: 300000, script: 30000}, unhandledPromptBehavior: dismiss and notify}&#10;Session ID: 6b6405d3-b1d8-4601-8c23-18c2c6a75a5d&#10;*** Element info: {Using=class name, value=result}" type="org.openqa.selenium.NoSuchElementException">org.openqa.selenium.NoSuchElementException: 
Unable to locate element: .result
For documentation on this error, please visit: https://www.seleniumhq.org/exceptions/no_such_element.html
Build info: version: '3.141.59', revision: 'e82be7d358', time: '2018-11-14T08:17:03'
System info: host: 'LAPTOP-H8IENLFH', ip: '192.168.1.4', os.name: 'Windows 10', os.arch: 'amd64', os.version: '10.0', java.version: '1.8.0_241'
Driver info: org.openqa.selenium.firefox.FirefoxDriver
Capabilities {acceptInsecureCerts: true, browserName: firefox, browserVersion: 74.0.1, javascriptEnabled: true, moz:accessibilityChecks: false, moz:buildID: 20200403064753, moz:geckodriverVersion: 0.26.0, moz:headless: false, moz:processID: 34720, moz:profile: C:\Users\maria\AppData\Loca..., moz:shutdownTimeout: 60000, moz:useNonSpecCompliantPointerOrigin: false, moz:webdriverClick: true, pageLoadStrategy: normal, platform: WINDOWS, platformName: WINDOWS, platformVersion: 10.0, rotatable: false, setWindowRect: true, strictFileInteractability: false, timeouts: {implicit: 0, pageLoad: 300000, script: 30000}, unhandledPromptBehavior: dismiss and notify}
Session ID: 6b6405d3-b1d8-4601-8c23-18c2c6a75a5d
*** Element info: {Using=class name, value=result}
	at tests.UserRegisterationTestCase.UserCanRegisterSuccessfully(UserRegisterationTestCase.java:23)
</failure>
    <system-out><![CDATA[
0 Scenarios
0 Steps
0m9.025s


]]></system-out>
    <system-err><![CDATA[Apr 04, 2020 5:56:33 PM io.cucumber.testng.TestNGCucumberRunner <init>
WARNING: By default Cucumber is running in --non-strict mode.
This default will change to --strict and --non-strict will be removed.
You can use --strict or @CucumberOptions(strict = true) to suppress this warning
Apr 04, 2020 5:56:33 PM io.cucumber.core.runtime.FeaturePathFeatureSupplier get
WARNING: No features found at classpath:/tests
]]></system-err>
  </testcase>
</testsuite>